{"level":"info","message":"Server running on port 5000"}
{"level":"info","message":"Connected to MongoDB"}
{"level":"info","message":"Login successful"}
{"level":"info","message":"Distribution order fetched successfully"}
{"level":"info","message":"Server running on port 5000"}
{"level":"info","message":"Connected to MongoDB"}
{"level":"info","message":"Distribution order fetched successfully"}
{"level":"info","message":"Distribution order fetched successfully"}
{"level":"info","message":"Login successful"}
{"level":"info","message":"Distribution order fetched successfully"}
{"level":"info","message":"Distribution order fetched successfully"}
{"level":"info","message":"Distribution order fetched successfully"}
{"level":"info","message":"Login successful"}
{"level":"info","message":"Distribution order fetched successfully"}
{"level":"info","message":"Distribution order fetched successfully"}
{"level":"info","message":"Server running on port 5000"}
{"level":"info","message":"Connected to MongoDB"}
{"level":"info","message":"Login successful"}
{"level":"info","message":"Distribution order fetched successfully"}
{"level":"info","message":"Login successful"}
{"level":"info","message":"Distribution order fetched successfully"}
{"level":"info","message":"Server running on port 5000"}
{"level":"info","message":"Connected to MongoDB"}
{"level":"info","message":"Server running on port 5000"}
{"level":"info","message":"Connected to MongoDB"}
{"level":"info","message":"Server running on port 5000"}
{"level":"info","message":"Connected to MongoDB"}
{"level":"info","message":"Server running on port 5000"}
{"level":"info","message":"Connected to MongoDB"}
{"level":"info","message":"Server running on port 5000"}
{"level":"info","message":"Connected to MongoDB"}
{"level":"info","message":"Server running on port 5000"}
{"level":"info","message":"Server running on port 5000"}
{"level":"info","message":"Connected to MongoDB"}
{"level":"info","message":"Server running on port 5000"}
{"level":"info","message":"Connected to MongoDB"}
{"level":"info","message":"Server running on port 5000"}
{"level":"info","message":"Connected to MongoDB"}
{"level":"info","message":"Server running on port 5000"}
{"level":"info","message":"Connected to MongoDB"}
{"level":"info","message":"Server running on port 5000"}
{"level":"info","message":"Connected to MongoDB"}
{"level":"info","message":"Server running on port 5000"}
{"level":"info","message":"Server running on port 5000"}
{"level":"info","message":"Server running on port 5000"}
{"level":"info","message":"Server running on port 5000"}
{"level":"info","message":"Server running on port 5000"}
{"level":"info","message":"Server running on port 5000"}
{"level":"info","message":"Server running on port 5000"}
{"level":"info","message":"Server running on port 5000"}
{"level":"info","message":"Server running on port 5000"}
{"level":"info","message":"Server running on port 5000"}
{"level":"info","message":"Server running on port 5000"}
{"level":"info","message":"Connected to MongoDB"}
{"level":"error","message":"Invalid username or password"}
{"level":"info","message":"Login successful"}
{"level":"info","message":"Distribution order fetched successfully"}
{"level":"info","message":"Login successful"}
{"level":"info","message":"Distribution order fetched successfully"}
{"level":"info","message":"Login successful"}
{"level":"info","message":"Distribution order fetched successfully"}
{"level":"error","message":"Invalid username or password"}
{"level":"info","message":"Login successful"}
{"level":"info","message":"Distribution order fetched successfully"}
{"level":"info","message":"Distribution order fetched successfully"}
{"level":"info","message":"Distribution order fetched successfully"}
{"level":"info","message":"Server running on port 5000"}
{"cause":{"address":"13.200.81.250","code":"ETIMEDOUT","errno":-4039,"port":27017,"syscall":"connect"},"connectionGeneration":0,"level":"error","message":"MongoDB connection error: connect ETIMEDOUT 13.200.81.250:27017","stack":"MongoNetworkError: connect ETIMEDOUT 13.200.81.250:27017\n    at TLSSocket.<anonymous> (C:\\Users\\HarshalGadre\\AndroidStudioProjects\\fy_project\\node_backend\\node_modules\\mongodb\\lib\\cmap\\connect.js:285:44)\n    at Object.onceWrapper (node:events:639:26)\n    at TLSSocket.emit (node:events:524:28)\n    at emitErrorNT (node:internal/streams/destroy:170:8)\n    at emitErrorCloseNT (node:internal/streams/destroy:129:3)\n    at process.processTicksAndRejections (node:internal/process/task_queues:90:21)"}
{"level":"error","message":"Server error Operation `users.findOne()` buffering timed out after 10000ms","stack":"MongooseError: Operation `users.findOne()` buffering timed out after 10000ms\n    at Timeout.<anonymous> (C:\\Users\\HarshalGadre\\AndroidStudioProjects\\fy_project\\node_backend\\node_modules\\mongoose\\lib\\drivers\\node-mongodb-native\\collection.js:185:23)\n    at listOnTimeout (node:internal/timers:594:17)\n    at process.processTimers (node:internal/timers:529:7)"}
{"level":"error","message":"Server error Operation `users.findOne()` buffering timed out after 10000ms","stack":"MongooseError: Operation `users.findOne()` buffering timed out after 10000ms\n    at Timeout.<anonymous> (C:\\Users\\HarshalGadre\\AndroidStudioProjects\\fy_project\\node_backend\\node_modules\\mongoose\\lib\\drivers\\node-mongodb-native\\collection.js:185:23)\n    at listOnTimeout (node:internal/timers:594:17)\n    at process.processTimers (node:internal/timers:529:7)"}
{"level":"error","message":"Server error Operation `users.findOne()` buffering timed out after 10000ms","stack":"MongooseError: Operation `users.findOne()` buffering timed out after 10000ms\n    at Timeout.<anonymous> (C:\\Users\\HarshalGadre\\AndroidStudioProjects\\fy_project\\node_backend\\node_modules\\mongoose\\lib\\drivers\\node-mongodb-native\\collection.js:185:23)\n    at listOnTimeout (node:internal/timers:594:17)\n    at process.processTimers (node:internal/timers:529:7)"}
{"level":"info","message":"Server running on port 5000"}
{"level":"info","message":"Connected to MongoDB"}
{"level":"info","message":"Login successful"}
{"level":"info","message":"Distribution order fetched successfully"}
{"level":"info","message":"Distribution order fetched successfully"}
{"level":"info","message":"Files uploaded successfully for Order ID: 3HJF087K & Tracking ID: 1TUQSEYOEQ"}
{"level":"info","message":"Distribution order fetched successfully"}
{"level":"info","message":"Files uploaded successfully for Order ID: 3HJF087K & Tracking ID: 1TUQSEYOEQ"}
{"level":"info","message":"Distribution order fetched successfully"}
{"level":"info","message":"Files uploaded successfully for Order ID: RHOZEPSF & Tracking ID: UA25E07CD9"}
{"level":"info","message":"Distribution order fetched successfully"}
{"level":"info","message":"Distribution order fetched successfully"}
{"level":"info","message":"Login successful"}
{"level":"info","message":"Distribution order fetched successfully"}
{"level":"info","message":"Distribution order fetched successfully"}
{"level":"info","message":"Distribution order fetched successfully"}
{"level":"info","message":"Distribution order fetched successfully"}
{"level":"info","message":"Distribution order fetched successfully"}
{"level":"info","message":"Distribution order fetched successfully"}
{"level":"info","message":"Distribution order fetched successfully"}
{"level":"info","message":"Login successful"}
{"level":"info","message":"Distribution order fetched successfully"}
{"level":"info","message":"Server running on port 5000"}
{"level":"info","message":"Connected to MongoDB"}
{"level":"info","message":"Server running on port 5000"}
{"level":"info","message":"Connected to MongoDB"}
{"level":"info","message":"Distribution order fetched successfully"}
{"level":"info","message":"Distribution order fetched successfully"}
{"level":"info","message":"Distribution order fetched successfully"}
{"level":"info","message":"Server running on port 5000"}
{"level":"info","message":"Server running on port 5000"}
{"level":"info","message":"Connected to MongoDB"}
{"level":"info","message":"Server running on port 5000"}
{"level":"info","message":"Connected to MongoDB"}
